{"name":"Quote_Meetings_Room","status":"broken","statusDetails":{"known":false,"muted":false,"flaky":false,"message":"element click intercepted: Element <a class=\"slds-truncate outputLookupLink slds-truncate outputLookupLink-a0h3N0000016La1QAE-1434:0 forceOutputLookup\" data-ownerid=\"1434:0\" data-refid=\"recordId\" data-recordid=\"a0h3N0000016La1QAE\" data-special-link=\"true\" data-navigable=\"true\" href=\"/lightning/r/a0h3N0000016La1QAE/view\" target=\"_blank\" rel=\"noreferrer\" title=\"Test222\" data-aura-rendered-by=\"1445:0\" data-aura-class=\"forceOutputLookup\">...</a> is not clickable at point (135, 249). Other element would receive the click: <div class=\"modal-glass visible\" data-aura-rendered-by=\"570:0;p\">...</div>\n  (Session info: chrome=91.0.4472.106)\nBuild info: version: '3.141.59', revision: 'e82be7d358', time: '2018-11-14T08:17:03'\nSystem info: host: 'minsksc-desktop', ip: '127.0.1.1', os.name: 'Linux', os.arch: 'amd64', os.version: '5.4.0-77-generic', java.version: '16.0.1'\nDriver info: org.openqa.selenium.chrome.ChromeDriver\nCapabilities {acceptInsecureCerts: false, browserName: chrome, browserVersion: 91.0.4472.106, chrome: {chromedriverVersion: 91.0.4472.19 (1bf021f248676..., userDataDir: /tmp/.com.google.Chrome.3xa6Hm}, goog:chromeOptions: {debuggerAddress: localhost:33413}, javascriptEnabled: true, networkConnectionEnabled: false, pageLoadStrategy: normal, platform: LINUX, platformName: LINUX, proxy: Proxy(), setWindowRect: true, strictFileInteractability: false, timeouts: {implicit: 0, pageLoad: 300000, script: 30000}, unhandledPromptBehavior: dismiss and notify, webauthn:extension:largeBlob: true, webauthn:virtualAuthenticators: true}\nSession ID: 85725cb51984a816c88659acaffad9a1","trace":"org.openqa.selenium.ElementClickInterceptedException: element click intercepted: Element <a class=\"slds-truncate outputLookupLink slds-truncate outputLookupLink-a0h3N0000016La1QAE-1434:0 forceOutputLookup\" data-ownerid=\"1434:0\" data-refid=\"recordId\" data-recordid=\"a0h3N0000016La1QAE\" data-special-link=\"true\" data-navigable=\"true\" href=\"/lightning/r/a0h3N0000016La1QAE/view\" target=\"_blank\" rel=\"noreferrer\" title=\"Test222\" data-aura-rendered-by=\"1445:0\" data-aura-class=\"forceOutputLookup\">...</a> is not clickable at point (135, 249). Other element would receive the click: <div class=\"modal-glass visible\" data-aura-rendered-by=\"570:0;p\">...</div>\n  (Session info: chrome=91.0.4472.106)\nBuild info: version: '3.141.59', revision: 'e82be7d358', time: '2018-11-14T08:17:03'\nSystem info: host: 'minsksc-desktop', ip: '127.0.1.1', os.name: 'Linux', os.arch: 'amd64', os.version: '5.4.0-77-generic', java.version: '16.0.1'\nDriver info: org.openqa.selenium.chrome.ChromeDriver\nCapabilities {acceptInsecureCerts: false, browserName: chrome, browserVersion: 91.0.4472.106, chrome: {chromedriverVersion: 91.0.4472.19 (1bf021f248676..., userDataDir: /tmp/.com.google.Chrome.3xa6Hm}, goog:chromeOptions: {debuggerAddress: localhost:33413}, javascriptEnabled: true, networkConnectionEnabled: false, pageLoadStrategy: normal, platform: LINUX, platformName: LINUX, proxy: Proxy(), setWindowRect: true, strictFileInteractability: false, timeouts: {implicit: 0, pageLoad: 300000, script: 30000}, unhandledPromptBehavior: dismiss and notify, webauthn:extension:largeBlob: true, webauthn:virtualAuthenticators: true}\nSession ID: 85725cb51984a816c88659acaffad9a1\n\tat java.base/jdk.internal.reflect.NativeConstructorAccessorImpl.newInstance0(Native Method)\n\tat java.base/jdk.internal.reflect.NativeConstructorAccessorImpl.newInstance(NativeConstructorAccessorImpl.java:78)\n\tat java.base/jdk.internal.reflect.DelegatingConstructorAccessorImpl.newInstance(DelegatingConstructorAccessorImpl.java:45)\n\tat java.base/java.lang.reflect.Constructor.newInstanceWithCaller(Constructor.java:499)\n\tat java.base/java.lang.reflect.Constructor.newInstance(Constructor.java:480)\n\tat org.openqa.selenium.remote.http.W3CHttpResponseCodec.createException(W3CHttpResponseCodec.java:187)\n\tat org.openqa.selenium.remote.http.W3CHttpResponseCodec.decode(W3CHttpResponseCodec.java:122)\n\tat org.openqa.selenium.remote.http.W3CHttpResponseCodec.decode(W3CHttpResponseCodec.java:49)\n\tat org.openqa.selenium.remote.HttpCommandExecutor.execute(HttpCommandExecutor.java:158)\n\tat org.openqa.selenium.remote.service.DriverCommandExecutor.execute(DriverCommandExecutor.java:83)\n\tat org.openqa.selenium.remote.RemoteWebDriver.execute(RemoteWebDriver.java:552)\n\tat org.openqa.selenium.remote.RemoteWebElement.execute(RemoteWebElement.java:285)\n\tat org.openqa.selenium.remote.RemoteWebElement.click(RemoteWebElement.java:84)\n\tat pageObject.MyceQuotes.openMyceQoteRecord(MyceQuotes.java:55)\n\tat tests.TestInWork.testCreateQuoteMeetingsRoom3(TestInWork.java:95)\n\tat java.base/jdk.internal.reflect.NativeMethodAccessorImpl.invoke0(Native Method)\n\tat java.base/jdk.internal.reflect.NativeMethodAccessorImpl.invoke(NativeMethodAccessorImpl.java:78)\n\tat java.base/jdk.internal.reflect.DelegatingMethodAccessorImpl.invoke(DelegatingMethodAccessorImpl.java:43)\n\tat java.base/java.lang.reflect.Method.invoke(Method.java:567)\n\tat org.testng.internal.MethodInvocationHelper.invokeMethod(MethodInvocationHelper.java:133)\n\tat org.testng.internal.TestInvoker.invokeMethod(TestInvoker.java:584)\n\tat org.testng.internal.TestInvoker.invokeTestMethod(TestInvoker.java:172)\n\tat org.testng.internal.MethodRunner.runInSequence(MethodRunner.java:46)\n\tat org.testng.internal.TestInvoker$MethodInvocationAgent.invoke(TestInvoker.java:804)\n\tat org.testng.internal.TestInvoker.invokeTestMethods(TestInvoker.java:145)\n\tat org.testng.internal.TestMethodWorker.invokeTestMethods(TestMethodWorker.java:146)\n\tat org.testng.internal.TestMethodWorker.run(TestMethodWorker.java:128)\n\tat java.base/java.util.ArrayList.forEach(ArrayList.java:1511)\n\tat org.testng.TestRunner.privateRun(TestRunner.java:770)\n\tat org.testng.TestRunner.run(TestRunner.java:591)\n\tat org.testng.SuiteRunner.runTest(SuiteRunner.java:402)\n\tat org.testng.SuiteRunner.runSequentially(SuiteRunner.java:396)\n\tat org.testng.SuiteRunner.privateRun(SuiteRunner.java:355)\n\tat org.testng.SuiteRunner.run(SuiteRunner.java:304)\n\tat org.testng.SuiteRunnerWorker.runSuite(SuiteRunnerWorker.java:53)\n\tat org.testng.SuiteRunnerWorker.run(SuiteRunnerWorker.java:96)\n\tat org.testng.TestNG.runSuitesSequentially(TestNG.java:1180)\n\tat org.testng.TestNG.runSuitesLocally(TestNG.java:1102)\n\tat org.testng.TestNG.runSuites(TestNG.java:1032)\n\tat org.testng.TestNG.run(TestNG.java:1000)\n\tat com.intellij.rt.testng.IDEARemoteTestNG.run(IDEARemoteTestNG.java:66)\n\tat com.intellij.rt.testng.RemoteTestNGStarter.main(RemoteTestNGStarter.java:110)\n\tat java.base/jdk.internal.reflect.NativeMethodAccessorImpl.invoke0(Native Method)\n\tat java.base/jdk.internal.reflect.NativeMethodAccessorImpl.invoke(NativeMethodAccessorImpl.java:78)\n\tat java.base/jdk.internal.reflect.DelegatingMethodAccessorImpl.invoke(DelegatingMethodAccessorImpl.java:43)\n\tat java.base/java.lang.reflect.Method.invoke(Method.java:567)\n\tat com.intellij.rt.execution.application.AppMainV2.main(AppMainV2.java:131)\n"},"stage":"finished","description":"Lock_Resource","steps":[{"name":"OpenAppLauncher","status":"passed","stage":"finished","steps":[],"attachments":[],"parameters":[{"name":"driver","value":"ChromeDriver: chrome on LINUX (85725cb51984a816c88659acaffad9a1)"}],"start":1625489684365,"stop":1625489687714},{"name":"SendText","status":"passed","stage":"finished","steps":[{"name":"Press ENTER","status":"passed","stage":"finished","steps":[],"attachments":[],"parameters":[],"start":1625489691735,"stop":1625489692931}],"attachments":[],"parameters":[{"name":"driver","value":"ChromeDriver: chrome on LINUX (85725cb51984a816c88659acaffad9a1)"},{"name":"text","value":"MYCE Quotes"}],"start":1625489687714,"stop":1625489692931},{"name":"createNewMyceQuote","status":"passed","stage":"finished","steps":[],"attachments":[],"parameters":[{"name":"driver","value":"ChromeDriver: chrome on LINUX (85725cb51984a816c88659acaffad9a1)"}],"start":1625489692931,"stop":1625489695117},{"name":"Fill out the quota form without commission","status":"passed","stage":"finished","steps":[],"attachments":[],"parameters":[{"name":"nameQuote","value":"Test222"},{"name":"arrivalDate","value":"05/07/2021"},{"name":"departureDate","value":"09/07/2021"},{"name":"pax","value":"10"},{"name":"property","value":"Demo"}],"start":1625489695118,"stop":1625489697498},{"name":"Open Meeting Packages","status":"passed","stage":"finished","steps":[{"name":"Refresh Page","status":"passed","stage":"finished","steps":[],"attachments":[],"parameters":[],"start":1625489699499,"stop":1625489699515}],"attachments":[],"parameters":[{"name":"driver","value":"ChromeDriver: chrome on LINUX (85725cb51984a816c88659acaffad9a1)"}],"start":1625489697499,"stop":1625489702551},{"name":"Fill out the meeting room","status":"passed","stage":"finished","steps":[],"attachments":[],"parameters":[{"name":"pack","value":"Package 1"},{"name":"startDate","value":"05/07/2021"},{"name":"endDate","value":"09/07/2021"}],"start":1625489702552,"stop":1625489710770},{"name":"Open Myce Quote Page...","status":"passed","stage":"finished","steps":[],"attachments":[],"parameters":[],"start":1625489710771,"stop":1625489710958},{"name":"openMyceQoteRecord","status":"broken","statusDetails":{"known":false,"muted":false,"flaky":false,"message":"element click intercepted: Element <a class=\"slds-truncate outputLookupLink slds-truncate outputLookupLink-a0h3N0000016La1QAE-1434:0 forceOutputLookup\" data-ownerid=\"1434:0\" data-refid=\"recordId\" data-recordid=\"a0h3N0000016La1QAE\" data-special-link=\"true\" data-navigable=\"true\" href=\"/lightning/r/a0h3N0000016La1QAE/view\" target=\"_blank\" rel=\"noreferrer\" title=\"Test222\" data-aura-rendered-by=\"1445:0\" data-aura-class=\"forceOutputLookup\">...</a> is not clickable at point (135, 249). Other element would receive the click: <div class=\"modal-glass visible\" data-aura-rendered-by=\"570:0;p\">...</div>\n  (Session info: chrome=91.0.4472.106)\nBuild info: version: '3.141.59', revision: 'e82be7d358', time: '2018-11-14T08:17:03'\nSystem info: host: 'minsksc-desktop', ip: '127.0.1.1', os.name: 'Linux', os.arch: 'amd64', os.version: '5.4.0-77-generic', java.version: '16.0.1'\nDriver info: org.openqa.selenium.chrome.ChromeDriver\nCapabilities {acceptInsecureCerts: false, browserName: chrome, browserVersion: 91.0.4472.106, chrome: {chromedriverVersion: 91.0.4472.19 (1bf021f248676..., userDataDir: /tmp/.com.google.Chrome.3xa6Hm}, goog:chromeOptions: {debuggerAddress: localhost:33413}, javascriptEnabled: true, networkConnectionEnabled: false, pageLoadStrategy: normal, platform: LINUX, platformName: LINUX, proxy: Proxy(), setWindowRect: true, strictFileInteractability: false, timeouts: {implicit: 0, pageLoad: 300000, script: 30000}, unhandledPromptBehavior: dismiss and notify, webauthn:extension:largeBlob: true, webauthn:virtualAuthenticators: true}\nSession ID: 85725cb51984a816c88659acaffad9a1","trace":"org.openqa.selenium.ElementClickInterceptedException: element click intercepted: Element <a class=\"slds-truncate outputLookupLink slds-truncate outputLookupLink-a0h3N0000016La1QAE-1434:0 forceOutputLookup\" data-ownerid=\"1434:0\" data-refid=\"recordId\" data-recordid=\"a0h3N0000016La1QAE\" data-special-link=\"true\" data-navigable=\"true\" href=\"/lightning/r/a0h3N0000016La1QAE/view\" target=\"_blank\" rel=\"noreferrer\" title=\"Test222\" data-aura-rendered-by=\"1445:0\" data-aura-class=\"forceOutputLookup\">...</a> is not clickable at point (135, 249). Other element would receive the click: <div class=\"modal-glass visible\" data-aura-rendered-by=\"570:0;p\">...</div>\n  (Session info: chrome=91.0.4472.106)\nBuild info: version: '3.141.59', revision: 'e82be7d358', time: '2018-11-14T08:17:03'\nSystem info: host: 'minsksc-desktop', ip: '127.0.1.1', os.name: 'Linux', os.arch: 'amd64', os.version: '5.4.0-77-generic', java.version: '16.0.1'\nDriver info: org.openqa.selenium.chrome.ChromeDriver\nCapabilities {acceptInsecureCerts: false, browserName: chrome, browserVersion: 91.0.4472.106, chrome: {chromedriverVersion: 91.0.4472.19 (1bf021f248676..., userDataDir: /tmp/.com.google.Chrome.3xa6Hm}, goog:chromeOptions: {debuggerAddress: localhost:33413}, javascriptEnabled: true, networkConnectionEnabled: false, pageLoadStrategy: normal, platform: LINUX, platformName: LINUX, proxy: Proxy(), setWindowRect: true, strictFileInteractability: false, timeouts: {implicit: 0, pageLoad: 300000, script: 30000}, unhandledPromptBehavior: dismiss and notify, webauthn:extension:largeBlob: true, webauthn:virtualAuthenticators: true}\nSession ID: 85725cb51984a816c88659acaffad9a1\n\tat java.base/jdk.internal.reflect.NativeConstructorAccessorImpl.newInstance0(Native Method)\n\tat java.base/jdk.internal.reflect.NativeConstructorAccessorImpl.newInstance(NativeConstructorAccessorImpl.java:78)\n\tat java.base/jdk.internal.reflect.DelegatingConstructorAccessorImpl.newInstance(DelegatingConstructorAccessorImpl.java:45)\n\tat java.base/java.lang.reflect.Constructor.newInstanceWithCaller(Constructor.java:499)\n\tat java.base/java.lang.reflect.Constructor.newInstance(Constructor.java:480)\n\tat org.openqa.selenium.remote.http.W3CHttpResponseCodec.createException(W3CHttpResponseCodec.java:187)\n\tat org.openqa.selenium.remote.http.W3CHttpResponseCodec.decode(W3CHttpResponseCodec.java:122)\n\tat org.openqa.selenium.remote.http.W3CHttpResponseCodec.decode(W3CHttpResponseCodec.java:49)\n\tat org.openqa.selenium.remote.HttpCommandExecutor.execute(HttpCommandExecutor.java:158)\n\tat org.openqa.selenium.remote.service.DriverCommandExecutor.execute(DriverCommandExecutor.java:83)\n\tat org.openqa.selenium.remote.RemoteWebDriver.execute(RemoteWebDriver.java:552)\n\tat org.openqa.selenium.remote.RemoteWebElement.execute(RemoteWebElement.java:285)\n\tat org.openqa.selenium.remote.RemoteWebElement.click(RemoteWebElement.java:84)\n\tat pageObject.MyceQuotes.openMyceQoteRecord(MyceQuotes.java:55)\n\tat tests.TestInWork.testCreateQuoteMeetingsRoom3(TestInWork.java:95)\n\tat java.base/jdk.internal.reflect.NativeMethodAccessorImpl.invoke0(Native Method)\n\tat java.base/jdk.internal.reflect.NativeMethodAccessorImpl.invoke(NativeMethodAccessorImpl.java:78)\n\tat java.base/jdk.internal.reflect.DelegatingMethodAccessorImpl.invoke(DelegatingMethodAccessorImpl.java:43)\n\tat java.base/java.lang.reflect.Method.invoke(Method.java:567)\n\tat org.testng.internal.MethodInvocationHelper.invokeMethod(MethodInvocationHelper.java:133)\n\tat org.testng.internal.TestInvoker.invokeMethod(TestInvoker.java:584)\n\tat org.testng.internal.TestInvoker.invokeTestMethod(TestInvoker.java:172)\n\tat org.testng.internal.MethodRunner.runInSequence(MethodRunner.java:46)\n\tat org.testng.internal.TestInvoker$MethodInvocationAgent.invoke(TestInvoker.java:804)\n\tat org.testng.internal.TestInvoker.invokeTestMethods(TestInvoker.java:145)\n\tat org.testng.internal.TestMethodWorker.invokeTestMethods(TestMethodWorker.java:146)\n\tat org.testng.internal.TestMethodWorker.run(TestMethodWorker.java:128)\n\tat java.base/java.util.ArrayList.forEach(ArrayList.java:1511)\n\tat org.testng.TestRunner.privateRun(TestRunner.java:770)\n\tat org.testng.TestRunner.run(TestRunner.java:591)\n\tat org.testng.SuiteRunner.runTest(SuiteRunner.java:402)\n\tat org.testng.SuiteRunner.runSequentially(SuiteRunner.java:396)\n\tat org.testng.SuiteRunner.privateRun(SuiteRunner.java:355)\n\tat org.testng.SuiteRunner.run(SuiteRunner.java:304)\n\tat org.testng.SuiteRunnerWorker.runSuite(SuiteRunnerWorker.java:53)\n\tat org.testng.SuiteRunnerWorker.run(SuiteRunnerWorker.java:96)\n\tat org.testng.TestNG.runSuitesSequentially(TestNG.java:1180)\n\tat org.testng.TestNG.runSuitesLocally(TestNG.java:1102)\n\tat org.testng.TestNG.runSuites(TestNG.java:1032)\n\tat org.testng.TestNG.run(TestNG.java:1000)\n\tat com.intellij.rt.testng.IDEARemoteTestNG.run(IDEARemoteTestNG.java:66)\n\tat com.intellij.rt.testng.RemoteTestNGStarter.main(RemoteTestNGStarter.java:110)\n\tat java.base/jdk.internal.reflect.NativeMethodAccessorImpl.invoke0(Native Method)\n\tat java.base/jdk.internal.reflect.NativeMethodAccessorImpl.invoke(NativeMethodAccessorImpl.java:78)\n\tat java.base/jdk.internal.reflect.DelegatingMethodAccessorImpl.invoke(DelegatingMethodAccessorImpl.java:43)\n\tat java.base/java.lang.reflect.Method.invoke(Method.java:567)\n\tat com.intellij.rt.execution.application.AppMainV2.main(AppMainV2.java:131)\n"},"stage":"finished","steps":[],"attachments":[],"parameters":[{"name":"name","value":"Test222"}],"start":1625489710958,"stop":1625489713098}],"attachments":[],"parameters":[],"start":1625489682458,"stop":1625489713116,"uuid":"02508336-3119-4502-a034-043c57670832","historyId":"2e6d928ae43517d2c1d490db73a5cd8d","fullName":"tests.TestInWork.testCreateQuoteMeetingsRoom3","labels":[{"name":"package","value":"tests.TestInWork"},{"name":"testClass","value":"tests.TestInWork"},{"name":"testMethod","value":"testCreateQuoteMeetingsRoom3"},{"name":"parentSuite","value":"Default Suite"},{"name":"suite","value":"SCNew"},{"name":"subSuite","value":"tests.TestInWork"},{"name":"host","value":"minsksc-desktop"},{"name":"thread","value":"11046@minsksc-desktop.main(1)"},{"name":"framework","value":"testng"},{"name":"language","value":"java"},{"name":"story","value":""},{"name":"severity","value":"normal"}],"links":[]}