{"name":"Setting up validation rules","status":"broken","statusDetails":{"known":false,"muted":false,"flaky":false,"message":"Cannot run program \"l ~/.sfdx\": error=2, No such file or directory","trace":"java.io.IOException: Cannot run program \"l ~/.sfdx\": error=2, No such file or directory\n\tat java.base/java.lang.ProcessBuilder.start(ProcessBuilder.java:1142)\n\tat java.base/java.lang.ProcessBuilder.start(ProcessBuilder.java:1073)\n\tat java.base/java.lang.Runtime.exec(Runtime.java:590)\n\tat java.base/java.lang.Runtime.exec(Runtime.java:449)\n\tat pageObject.SfdxCommand.runLinuxCommand1(SfdxCommand.java:26)\n\tat tests.ValidationRules.ValidationRule1.settingUpValidationRules(ValidationRule1.java:33)\n\tat java.base/jdk.internal.reflect.NativeMethodAccessorImpl.invoke0(Native Method)\n\tat java.base/jdk.internal.reflect.NativeMethodAccessorImpl.invoke(NativeMethodAccessorImpl.java:78)\n\tat java.base/jdk.internal.reflect.DelegatingMethodAccessorImpl.invoke(DelegatingMethodAccessorImpl.java:43)\n\tat java.base/java.lang.reflect.Method.invoke(Method.java:567)\n\tat org.testng.internal.MethodInvocationHelper.invokeMethod(MethodInvocationHelper.java:133)\n\tat org.testng.internal.TestInvoker.invokeMethod(TestInvoker.java:584)\n\tat org.testng.internal.TestInvoker.invokeTestMethod(TestInvoker.java:172)\n\tat org.testng.internal.MethodRunner.runInSequence(MethodRunner.java:46)\n\tat org.testng.internal.TestInvoker$MethodInvocationAgent.invoke(TestInvoker.java:804)\n\tat org.testng.internal.TestInvoker.invokeTestMethods(TestInvoker.java:145)\n\tat org.testng.internal.TestMethodWorker.invokeTestMethods(TestMethodWorker.java:146)\n\tat org.testng.internal.TestMethodWorker.run(TestMethodWorker.java:128)\n\tat java.base/java.util.ArrayList.forEach(ArrayList.java:1511)\n\tat org.testng.TestRunner.privateRun(TestRunner.java:770)\n\tat org.testng.TestRunner.run(TestRunner.java:591)\n\tat org.testng.SuiteRunner.runTest(SuiteRunner.java:402)\n\tat org.testng.SuiteRunner.runSequentially(SuiteRunner.java:396)\n\tat org.testng.SuiteRunner.privateRun(SuiteRunner.java:355)\n\tat org.testng.SuiteRunner.run(SuiteRunner.java:304)\n\tat org.testng.SuiteRunnerWorker.runSuite(SuiteRunnerWorker.java:53)\n\tat org.testng.SuiteRunnerWorker.run(SuiteRunnerWorker.java:96)\n\tat org.testng.TestNG.runSuitesSequentially(TestNG.java:1180)\n\tat org.testng.TestNG.runSuitesLocally(TestNG.java:1102)\n\tat org.testng.TestNG.runSuites(TestNG.java:1032)\n\tat org.testng.TestNG.run(TestNG.java:1000)\n\tat com.intellij.rt.testng.IDEARemoteTestNG.run(IDEARemoteTestNG.java:66)\n\tat com.intellij.rt.testng.RemoteTestNGStarter.main(RemoteTestNGStarter.java:110)\n\tat java.base/jdk.internal.reflect.NativeMethodAccessorImpl.invoke0(Native Method)\n\tat java.base/jdk.internal.reflect.NativeMethodAccessorImpl.invoke(NativeMethodAccessorImpl.java:78)\n\tat java.base/jdk.internal.reflect.DelegatingMethodAccessorImpl.invoke(DelegatingMethodAccessorImpl.java:43)\n\tat java.base/java.lang.reflect.Method.invoke(Method.java:567)\n\tat com.intellij.rt.execution.application.AppMainV2.main(AppMainV2.java:131)\nCaused by: java.io.IOException: error=2, No such file or directory\n\tat java.base/java.lang.ProcessImpl.forkAndExec(Native Method)\n\tat java.base/java.lang.ProcessImpl.<init>(ProcessImpl.java:313)\n\tat java.base/java.lang.ProcessImpl.start(ProcessImpl.java:244)\n\tat java.base/java.lang.ProcessBuilder.start(ProcessBuilder.java:1109)\n\t... 37 more\n"},"stage":"finished","description":"Setup.thn__ByPass__c.thn__ByPassVR__c == false and User.thn__ByPassVR__c == false","steps":[{"name":"Run SFDX command","status":"broken","statusDetails":{"known":false,"muted":false,"flaky":false,"message":"Cannot run program \"l ~/.sfdx\": error=2, No such file or directory","trace":"java.io.IOException: Cannot run program \"l ~/.sfdx\": error=2, No such file or directory\n\tat java.base/java.lang.ProcessBuilder.start(ProcessBuilder.java:1142)\n\tat java.base/java.lang.ProcessBuilder.start(ProcessBuilder.java:1073)\n\tat java.base/java.lang.Runtime.exec(Runtime.java:590)\n\tat java.base/java.lang.Runtime.exec(Runtime.java:449)\n\tat pageObject.SfdxCommand.runLinuxCommand1(SfdxCommand.java:26)\n\tat tests.ValidationRules.ValidationRule1.settingUpValidationRules(ValidationRule1.java:33)\n\tat java.base/jdk.internal.reflect.NativeMethodAccessorImpl.invoke0(Native Method)\n\tat java.base/jdk.internal.reflect.NativeMethodAccessorImpl.invoke(NativeMethodAccessorImpl.java:78)\n\tat java.base/jdk.internal.reflect.DelegatingMethodAccessorImpl.invoke(DelegatingMethodAccessorImpl.java:43)\n\tat java.base/java.lang.reflect.Method.invoke(Method.java:567)\n\tat org.testng.internal.MethodInvocationHelper.invokeMethod(MethodInvocationHelper.java:133)\n\tat org.testng.internal.TestInvoker.invokeMethod(TestInvoker.java:584)\n\tat org.testng.internal.TestInvoker.invokeTestMethod(TestInvoker.java:172)\n\tat org.testng.internal.MethodRunner.runInSequence(MethodRunner.java:46)\n\tat org.testng.internal.TestInvoker$MethodInvocationAgent.invoke(TestInvoker.java:804)\n\tat org.testng.internal.TestInvoker.invokeTestMethods(TestInvoker.java:145)\n\tat org.testng.internal.TestMethodWorker.invokeTestMethods(TestMethodWorker.java:146)\n\tat org.testng.internal.TestMethodWorker.run(TestMethodWorker.java:128)\n\tat java.base/java.util.ArrayList.forEach(ArrayList.java:1511)\n\tat org.testng.TestRunner.privateRun(TestRunner.java:770)\n\tat org.testng.TestRunner.run(TestRunner.java:591)\n\tat org.testng.SuiteRunner.runTest(SuiteRunner.java:402)\n\tat org.testng.SuiteRunner.runSequentially(SuiteRunner.java:396)\n\tat org.testng.SuiteRunner.privateRun(SuiteRunner.java:355)\n\tat org.testng.SuiteRunner.run(SuiteRunner.java:304)\n\tat org.testng.SuiteRunnerWorker.runSuite(SuiteRunnerWorker.java:53)\n\tat org.testng.SuiteRunnerWorker.run(SuiteRunnerWorker.java:96)\n\tat org.testng.TestNG.runSuitesSequentially(TestNG.java:1180)\n\tat org.testng.TestNG.runSuitesLocally(TestNG.java:1102)\n\tat org.testng.TestNG.runSuites(TestNG.java:1032)\n\tat org.testng.TestNG.run(TestNG.java:1000)\n\tat com.intellij.rt.testng.IDEARemoteTestNG.run(IDEARemoteTestNG.java:66)\n\tat com.intellij.rt.testng.RemoteTestNGStarter.main(RemoteTestNGStarter.java:110)\n\tat java.base/jdk.internal.reflect.NativeMethodAccessorImpl.invoke0(Native Method)\n\tat java.base/jdk.internal.reflect.NativeMethodAccessorImpl.invoke(NativeMethodAccessorImpl.java:78)\n\tat java.base/jdk.internal.reflect.DelegatingMethodAccessorImpl.invoke(DelegatingMethodAccessorImpl.java:43)\n\tat java.base/java.lang.reflect.Method.invoke(Method.java:567)\n\tat com.intellij.rt.execution.application.AppMainV2.main(AppMainV2.java:131)\nCaused by: java.io.IOException: error=2, No such file or directory\n\tat java.base/java.lang.ProcessImpl.forkAndExec(Native Method)\n\tat java.base/java.lang.ProcessImpl.<init>(ProcessImpl.java:313)\n\tat java.base/java.lang.ProcessImpl.start(ProcessImpl.java:244)\n\tat java.base/java.lang.ProcessBuilder.start(ProcessBuilder.java:1109)\n\t... 37 more\n"},"stage":"finished","steps":[],"attachments":[],"parameters":[{"name":"cmd","value":"[l ~/.sfdx]"}],"start":1629991221035,"stop":1629991221040}],"attachments":[{"name":"Page screenshot","source":"7a6d998b-fe4d-4a76-b57c-e1e6733931bb-attachment","type":"image/png"},{"name":"settingUpValidationRules failed and screenshot taken!","source":"6b68af16-e8a5-429b-9bbe-d1b1ea013d7b-attachment","type":"text/plain"},{"name":"Browser Log","source":"0b3004e6-3bc3-4c21-bf45-82c72640cd0a-attachment","type":"text/plain"}],"parameters":[],"start":1629991221013,"stop":1629991221363,"uuid":"0d944664-74e8-4860-8b14-40807a7377cb","historyId":"ad8e1031e4795d817293220bd38863b4","fullName":"tests.ValidationRules.ValidationRule1.settingUpValidationRules","labels":[{"name":"package","value":"tests.ValidationRules.ValidationRule1"},{"name":"testClass","value":"tests.ValidationRules.ValidationRule1"},{"name":"testMethod","value":"settingUpValidationRules"},{"name":"parentSuite","value":"Default Suite"},{"name":"suite","value":"SCNew"},{"name":"subSuite","value":"tests.ValidationRules.ValidationRule1"},{"name":"host","value":"minsksc-desktop"},{"name":"thread","value":"7669@minsksc-desktop.main(1)"},{"name":"framework","value":"testng"},{"name":"language","value":"java"},{"name":"story","value":"Settings"},{"name":"severity","value":"normal"}],"links":[]}