{"name":"Setting up validation rules","status":"broken","statusDetails":{"known":false,"muted":false,"flaky":false,"message":"Cannot invoke \"com.google.gson.JsonObject.get(String)\" because the return value of \"com.google.gson.JsonObject.getAsJsonObject(String)\" is null","trace":"java.lang.NullPointerException: Cannot invoke \"com.google.gson.JsonObject.get(String)\" because the return value of \"com.google.gson.JsonObject.getAsJsonObject(String)\" is null\n\tat pageObject.JsonParser2.getFieldValue(JsonParser2.java:21)\n\tat tests.ValidationRules.ValidationRule1.settingUpValidationRules(ValidationRule1.java:59)\n\tat java.base/jdk.internal.reflect.NativeMethodAccessorImpl.invoke0(Native Method)\n\tat java.base/jdk.internal.reflect.NativeMethodAccessorImpl.invoke(NativeMethodAccessorImpl.java:78)\n\tat java.base/jdk.internal.reflect.DelegatingMethodAccessorImpl.invoke(DelegatingMethodAccessorImpl.java:43)\n\tat java.base/java.lang.reflect.Method.invoke(Method.java:567)\n\tat org.testng.internal.MethodInvocationHelper.invokeMethod(MethodInvocationHelper.java:133)\n\tat org.testng.internal.TestInvoker.invokeMethod(TestInvoker.java:584)\n\tat org.testng.internal.TestInvoker.invokeTestMethod(TestInvoker.java:172)\n\tat org.testng.internal.MethodRunner.runInSequence(MethodRunner.java:46)\n\tat org.testng.internal.TestInvoker$MethodInvocationAgent.invoke(TestInvoker.java:804)\n\tat org.testng.internal.TestInvoker.invokeTestMethods(TestInvoker.java:145)\n\tat org.testng.internal.TestMethodWorker.invokeTestMethods(TestMethodWorker.java:146)\n\tat org.testng.internal.TestMethodWorker.run(TestMethodWorker.java:128)\n\tat java.base/java.util.ArrayList.forEach(ArrayList.java:1511)\n\tat org.testng.TestRunner.privateRun(TestRunner.java:770)\n\tat org.testng.TestRunner.run(TestRunner.java:591)\n\tat org.testng.SuiteRunner.runTest(SuiteRunner.java:402)\n\tat org.testng.SuiteRunner.runSequentially(SuiteRunner.java:396)\n\tat org.testng.SuiteRunner.privateRun(SuiteRunner.java:355)\n\tat org.testng.SuiteRunner.run(SuiteRunner.java:304)\n\tat org.testng.SuiteRunnerWorker.runSuite(SuiteRunnerWorker.java:53)\n\tat org.testng.SuiteRunnerWorker.run(SuiteRunnerWorker.java:96)\n\tat org.testng.TestNG.runSuitesSequentially(TestNG.java:1180)\n\tat org.testng.TestNG.runSuitesLocally(TestNG.java:1102)\n\tat org.testng.TestNG.runSuites(TestNG.java:1032)\n\tat org.testng.TestNG.run(TestNG.java:1000)\n\tat com.intellij.rt.testng.IDEARemoteTestNG.run(IDEARemoteTestNG.java:66)\n\tat com.intellij.rt.testng.RemoteTestNGStarter.main(RemoteTestNGStarter.java:110)\n\tat java.base/jdk.internal.reflect.NativeMethodAccessorImpl.invoke0(Native Method)\n\tat java.base/jdk.internal.reflect.NativeMethodAccessorImpl.invoke(NativeMethodAccessorImpl.java:78)\n\tat java.base/jdk.internal.reflect.DelegatingMethodAccessorImpl.invoke(DelegatingMethodAccessorImpl.java:43)\n\tat java.base/java.lang.reflect.Method.invoke(Method.java:567)\n\tat com.intellij.rt.execution.application.AppMainV2.main(AppMainV2.java:131)\n"},"stage":"finished","description":"Setup.thn__ByPass__c.thn__ByPassVR__c == false and User.thn__ByPassVR__c == false","steps":[{"name":"Run SFDX command","status":"passed","stage":"finished","steps":[],"attachments":[],"parameters":[{"name":"cmd","value":"[/home/minsk-sc/sfdx/bin/sfdx, force:data:record:update, -s, User, -w, Name='User User', -v, thn__ByPassVR__c=false, -u, 'THYNK-VR2', --json]"}],"start":1629790999463,"stop":1629791000500},{"name":"Run SFDX command","status":"passed","stage":"finished","steps":[],"attachments":[],"parameters":[{"name":"cmd","value":"[/home/minsk-sc/sfdx/bin/sfdx, force:data:record:update, -s, thn__bypass__c, -w, Id='a061j000003e6IcAAI', -v, thn__bypassvr__c=false, -u, 'THYNK-VR2', --json]"}],"start":1629791000500,"stop":1629791000920},{"name":"Run SFDX command","status":"passed","stage":"finished","steps":[],"attachments":[],"parameters":[{"name":"cmd","value":"[/home/minsk-sc/sfdx/bin/sfdx, force:data:record:get, -s, User, -w, Name='User User', -u, 'THYNK-VR2', --json]"}],"start":1629791000920,"stop":1629791001318},{"name":"Get value","status":"broken","statusDetails":{"known":false,"muted":false,"flaky":false,"message":"Cannot invoke \"com.google.gson.JsonObject.get(String)\" because the return value of \"com.google.gson.JsonObject.getAsJsonObject(String)\" is null","trace":"java.lang.NullPointerException: Cannot invoke \"com.google.gson.JsonObject.get(String)\" because the return value of \"com.google.gson.JsonObject.getAsJsonObject(String)\" is null\n\tat pageObject.JsonParser2.getFieldValue(JsonParser2.java:21)\n\tat tests.ValidationRules.ValidationRule1.settingUpValidationRules(ValidationRule1.java:59)\n\tat java.base/jdk.internal.reflect.NativeMethodAccessorImpl.invoke0(Native Method)\n\tat java.base/jdk.internal.reflect.NativeMethodAccessorImpl.invoke(NativeMethodAccessorImpl.java:78)\n\tat java.base/jdk.internal.reflect.DelegatingMethodAccessorImpl.invoke(DelegatingMethodAccessorImpl.java:43)\n\tat java.base/java.lang.reflect.Method.invoke(Method.java:567)\n\tat org.testng.internal.MethodInvocationHelper.invokeMethod(MethodInvocationHelper.java:133)\n\tat org.testng.internal.TestInvoker.invokeMethod(TestInvoker.java:584)\n\tat org.testng.internal.TestInvoker.invokeTestMethod(TestInvoker.java:172)\n\tat org.testng.internal.MethodRunner.runInSequence(MethodRunner.java:46)\n\tat org.testng.internal.TestInvoker$MethodInvocationAgent.invoke(TestInvoker.java:804)\n\tat org.testng.internal.TestInvoker.invokeTestMethods(TestInvoker.java:145)\n\tat org.testng.internal.TestMethodWorker.invokeTestMethods(TestMethodWorker.java:146)\n\tat org.testng.internal.TestMethodWorker.run(TestMethodWorker.java:128)\n\tat java.base/java.util.ArrayList.forEach(ArrayList.java:1511)\n\tat org.testng.TestRunner.privateRun(TestRunner.java:770)\n\tat org.testng.TestRunner.run(TestRunner.java:591)\n\tat org.testng.SuiteRunner.runTest(SuiteRunner.java:402)\n\tat org.testng.SuiteRunner.runSequentially(SuiteRunner.java:396)\n\tat org.testng.SuiteRunner.privateRun(SuiteRunner.java:355)\n\tat org.testng.SuiteRunner.run(SuiteRunner.java:304)\n\tat org.testng.SuiteRunnerWorker.runSuite(SuiteRunnerWorker.java:53)\n\tat org.testng.SuiteRunnerWorker.run(SuiteRunnerWorker.java:96)\n\tat org.testng.TestNG.runSuitesSequentially(TestNG.java:1180)\n\tat org.testng.TestNG.runSuitesLocally(TestNG.java:1102)\n\tat org.testng.TestNG.runSuites(TestNG.java:1032)\n\tat org.testng.TestNG.run(TestNG.java:1000)\n\tat com.intellij.rt.testng.IDEARemoteTestNG.run(IDEARemoteTestNG.java:66)\n\tat com.intellij.rt.testng.RemoteTestNGStarter.main(RemoteTestNGStarter.java:110)\n\tat java.base/jdk.internal.reflect.NativeMethodAccessorImpl.invoke0(Native Method)\n\tat java.base/jdk.internal.reflect.NativeMethodAccessorImpl.invoke(NativeMethodAccessorImpl.java:78)\n\tat java.base/jdk.internal.reflect.DelegatingMethodAccessorImpl.invoke(DelegatingMethodAccessorImpl.java:43)\n\tat java.base/java.lang.reflect.Method.invoke(Method.java:567)\n\tat com.intellij.rt.execution.application.AppMainV2.main(AppMainV2.java:131)\n"},"stage":"finished","steps":[],"attachments":[],"parameters":[{"name":"json","value":"{\n  \"status\": 1,\n  \"name\": \"NamedOrgNotFound\",\n  \"message\": \"No AuthInfo found for name 'THYNK-VR2'\",\n  \"exitCode\": 1,\n  \"commandName\": \"Get\",\n  \"stack\": \"NamedOrgNotFound: No AuthInfo found for name 'THYNK-VR2'\\n    at Function.create (/home/minsk-sc/sfdx/node_modules/@salesforce/core/lib/sfdxError.js:160:16)\\n    at AuthInfo.loadAuthFromConfig (/home/minsk-sc/sfdx/node_modules/@salesforce/core/lib/authInfo.js:716:49)\\n    at async AuthInfo.initAuthOptions (/home/minsk-sc/sfdx/node_modules/@salesforce/core/lib/authInfo.js:690:26)\\n    at async AuthInfo.init (/home/minsk-sc/sfdx/node_modules/@salesforce/core/lib/authInfo.js:619:13)\\n    at async Function.create (/home/minsk-sc/sfdx/node_modules/@salesforce/kit/lib/creatable.js:31:9)\\n    at async Org.init (/home/minsk-sc/sfdx/node_modules/@salesforce/core/lib/org.js:403:27)\\n    at async Function.create (/home/minsk-sc/sfdx/node_modules/@salesforce/kit/lib/creatable.js:31:9)\\n    at async Get.assignOrg (/home/minsk-sc/sfdx/node_modules/@salesforce/command/lib/sfdxCommand.js:109:24)\\n    at async Get.init (/home/minsk-sc/sfdx/node_modules/@salesforce/command/lib/sfdxCommand.js:231:13)\\n    at async Get._run (/home/minsk-sc/sfdx/node_modules/@salesforce/command/lib/sfdxCommand.js:80:13)\",\n  \"warnings\": []\n}\n"},{"name":"key","value":"thn__ByPassVR__c"}],"start":1629791001318,"stop":1629791001345}],"attachments":[{"name":"Page screenshot","source":"1b84e9e0-89a9-4294-8d0b-26900996f948-attachment","type":"image/png"},{"name":"settingUpValidationRules failed and screenshot taken!","source":"be699409-4f2b-42f4-8006-a84a4747b3e2-attachment","type":"text/plain"},{"name":"Browser Log","source":"f13bcf35-2875-4e72-930f-26dbb604ecb8-attachment","type":"text/plain"}],"parameters":[],"start":1629790999449,"stop":1629791001611,"uuid":"2f55d675-d5aa-44c5-9b93-7f9837a68bfb","historyId":"ad8e1031e4795d817293220bd38863b4","fullName":"tests.ValidationRules.ValidationRule1.settingUpValidationRules","labels":[{"name":"package","value":"tests.ValidationRules.ValidationRule1"},{"name":"testClass","value":"tests.ValidationRules.ValidationRule1"},{"name":"testMethod","value":"settingUpValidationRules"},{"name":"parentSuite","value":"Default Suite"},{"name":"suite","value":"SCNew"},{"name":"subSuite","value":"tests.ValidationRules.ValidationRule1"},{"name":"host","value":"minsksc-desktop"},{"name":"thread","value":"11637@minsksc-desktop.main(1)"},{"name":"framework","value":"testng"},{"name":"language","value":"java"},{"name":"story","value":"Settings"},{"name":"severity","value":"normal"}],"links":[]}