{"name":"Myce_Quote__c.Commission_Validation_Rule","status":"broken","statusDetails":{"known":false,"muted":false,"flaky":false,"message":"Cannot invoke \"com.google.gson.JsonElement.getAsString()\" because the return value of \"com.google.gson.JsonObject.get(String)\" is null","trace":"java.lang.NullPointerException: Cannot invoke \"com.google.gson.JsonElement.getAsString()\" because the return value of \"com.google.gson.JsonObject.get(String)\" is null\n\tat pageObject.JsonParser2.getFieldValue2(JsonParser2.java:32)\n\tat tests.ValidationRules.ValidationRule1.testCreateNewMyceQuote3(ValidationRule1.java:154)\n\tat java.base/jdk.internal.reflect.NativeMethodAccessorImpl.invoke0(Native Method)\n\tat java.base/jdk.internal.reflect.NativeMethodAccessorImpl.invoke(NativeMethodAccessorImpl.java:78)\n\tat java.base/jdk.internal.reflect.DelegatingMethodAccessorImpl.invoke(DelegatingMethodAccessorImpl.java:43)\n\tat java.base/java.lang.reflect.Method.invoke(Method.java:567)\n\tat org.testng.internal.MethodInvocationHelper.invokeMethod(MethodInvocationHelper.java:133)\n\tat org.testng.internal.TestInvoker.invokeMethod(TestInvoker.java:584)\n\tat org.testng.internal.TestInvoker.invokeTestMethod(TestInvoker.java:172)\n\tat org.testng.internal.MethodRunner.runInSequence(MethodRunner.java:46)\n\tat org.testng.internal.TestInvoker$MethodInvocationAgent.invoke(TestInvoker.java:804)\n\tat org.testng.internal.TestInvoker.invokeTestMethods(TestInvoker.java:145)\n\tat org.testng.internal.TestMethodWorker.invokeTestMethods(TestMethodWorker.java:146)\n\tat org.testng.internal.TestMethodWorker.run(TestMethodWorker.java:128)\n\tat java.base/java.util.ArrayList.forEach(ArrayList.java:1511)\n\tat org.testng.TestRunner.privateRun(TestRunner.java:770)\n\tat org.testng.TestRunner.run(TestRunner.java:591)\n\tat org.testng.SuiteRunner.runTest(SuiteRunner.java:402)\n\tat org.testng.SuiteRunner.runSequentially(SuiteRunner.java:396)\n\tat org.testng.SuiteRunner.privateRun(SuiteRunner.java:355)\n\tat org.testng.SuiteRunner.run(SuiteRunner.java:304)\n\tat org.testng.SuiteRunnerWorker.runSuite(SuiteRunnerWorker.java:53)\n\tat org.testng.SuiteRunnerWorker.run(SuiteRunnerWorker.java:96)\n\tat org.testng.TestNG.runSuitesSequentially(TestNG.java:1180)\n\tat org.testng.TestNG.runSuitesLocally(TestNG.java:1102)\n\tat org.testng.TestNG.runSuites(TestNG.java:1032)\n\tat org.testng.TestNG.run(TestNG.java:1000)\n\tat com.intellij.rt.testng.IDEARemoteTestNG.run(IDEARemoteTestNG.java:66)\n\tat com.intellij.rt.testng.RemoteTestNGStarter.main(RemoteTestNGStarter.java:110)\n\tat java.base/jdk.internal.reflect.NativeMethodAccessorImpl.invoke0(Native Method)\n\tat java.base/jdk.internal.reflect.NativeMethodAccessorImpl.invoke(NativeMethodAccessorImpl.java:78)\n\tat java.base/jdk.internal.reflect.DelegatingMethodAccessorImpl.invoke(DelegatingMethodAccessorImpl.java:43)\n\tat java.base/java.lang.reflect.Method.invoke(Method.java:567)\n\tat com.intellij.rt.execution.application.AppMainV2.main(AppMainV2.java:131)\n"},"stage":"finished","description":"Myce_Quote__c.Commission_Validation_Rule","steps":[{"name":"Run SFDX command","status":"passed","stage":"finished","steps":[],"attachments":[],"parameters":[{"name":"cmd","value":"[/home/minsk-sc/sfdx/bin/sfdx, force:data:record:create, -s, thn__MYCE_Quote__c, -v, Name='Test3' thn__Commissionable__c=true thn__Commission_to__c='Company', -u, test-lbafgbxunsgq@example.com, --json]"}],"start":1630065731194,"stop":1630065732431},{"name":"Get value2","status":"broken","statusDetails":{"known":false,"muted":false,"flaky":false,"message":"Cannot invoke \"com.google.gson.JsonElement.getAsString()\" because the return value of \"com.google.gson.JsonObject.get(String)\" is null","trace":"java.lang.NullPointerException: Cannot invoke \"com.google.gson.JsonElement.getAsString()\" because the return value of \"com.google.gson.JsonObject.get(String)\" is null\n\tat pageObject.JsonParser2.getFieldValue2(JsonParser2.java:32)\n\tat tests.ValidationRules.ValidationRule1.testCreateNewMyceQuote3(ValidationRule1.java:154)\n\tat java.base/jdk.internal.reflect.NativeMethodAccessorImpl.invoke0(Native Method)\n\tat java.base/jdk.internal.reflect.NativeMethodAccessorImpl.invoke(NativeMethodAccessorImpl.java:78)\n\tat java.base/jdk.internal.reflect.DelegatingMethodAccessorImpl.invoke(DelegatingMethodAccessorImpl.java:43)\n\tat java.base/java.lang.reflect.Method.invoke(Method.java:567)\n\tat org.testng.internal.MethodInvocationHelper.invokeMethod(MethodInvocationHelper.java:133)\n\tat org.testng.internal.TestInvoker.invokeMethod(TestInvoker.java:584)\n\tat org.testng.internal.TestInvoker.invokeTestMethod(TestInvoker.java:172)\n\tat org.testng.internal.MethodRunner.runInSequence(MethodRunner.java:46)\n\tat org.testng.internal.TestInvoker$MethodInvocationAgent.invoke(TestInvoker.java:804)\n\tat org.testng.internal.TestInvoker.invokeTestMethods(TestInvoker.java:145)\n\tat org.testng.internal.TestMethodWorker.invokeTestMethods(TestMethodWorker.java:146)\n\tat org.testng.internal.TestMethodWorker.run(TestMethodWorker.java:128)\n\tat java.base/java.util.ArrayList.forEach(ArrayList.java:1511)\n\tat org.testng.TestRunner.privateRun(TestRunner.java:770)\n\tat org.testng.TestRunner.run(TestRunner.java:591)\n\tat org.testng.SuiteRunner.runTest(SuiteRunner.java:402)\n\tat org.testng.SuiteRunner.runSequentially(SuiteRunner.java:396)\n\tat org.testng.SuiteRunner.privateRun(SuiteRunner.java:355)\n\tat org.testng.SuiteRunner.run(SuiteRunner.java:304)\n\tat org.testng.SuiteRunnerWorker.runSuite(SuiteRunnerWorker.java:53)\n\tat org.testng.SuiteRunnerWorker.run(SuiteRunnerWorker.java:96)\n\tat org.testng.TestNG.runSuitesSequentially(TestNG.java:1180)\n\tat org.testng.TestNG.runSuitesLocally(TestNG.java:1102)\n\tat org.testng.TestNG.runSuites(TestNG.java:1032)\n\tat org.testng.TestNG.run(TestNG.java:1000)\n\tat com.intellij.rt.testng.IDEARemoteTestNG.run(IDEARemoteTestNG.java:66)\n\tat com.intellij.rt.testng.RemoteTestNGStarter.main(RemoteTestNGStarter.java:110)\n\tat java.base/jdk.internal.reflect.NativeMethodAccessorImpl.invoke0(Native Method)\n\tat java.base/jdk.internal.reflect.NativeMethodAccessorImpl.invoke(NativeMethodAccessorImpl.java:78)\n\tat java.base/jdk.internal.reflect.DelegatingMethodAccessorImpl.invoke(DelegatingMethodAccessorImpl.java:43)\n\tat java.base/java.lang.reflect.Method.invoke(Method.java:567)\n\tat com.intellij.rt.execution.application.AppMainV2.main(AppMainV2.java:131)\n"},"stage":"finished","steps":[],"attachments":[],"parameters":[{"name":"json","value":"{\n  \"status\": 0,\n  \"result\": {\n    \"id\": \"a0h1j000002RAueAAG\",\n    \"success\": true,\n    \"errors\": []\n  }\n}\n"},{"name":"key","value":"message"}],"start":1630065732431,"stop":1630065732432}],"attachments":[{"name":"Page screenshot","source":"1bcb13ed-908e-4d54-b725-9ab419f8ba06-attachment","type":"image/png"},{"name":"testCreateNewMyceQuote3 failed and screenshot taken!","source":"3056f64b-d543-45eb-bc22-0a62b2530450-attachment","type":"text/plain"},{"name":"Browser Log","source":"8fd37e2b-466b-4966-abe1-7269cbf471fe-attachment","type":"text/plain"}],"parameters":[],"start":1630065731194,"stop":1630065732705,"uuid":"3813865d-82a9-4b9d-b2fb-78872983d55a","historyId":"538752d5c630cffc9622f22e882c9a1e","fullName":"tests.ValidationRules.ValidationRule1.testCreateNewMyceQuote3","labels":[{"name":"package","value":"tests.ValidationRules.ValidationRule1"},{"name":"testClass","value":"tests.ValidationRules.ValidationRule1"},{"name":"testMethod","value":"testCreateNewMyceQuote3"},{"name":"parentSuite","value":"Default Suite"},{"name":"suite","value":"SCNew"},{"name":"subSuite","value":"tests.ValidationRules.ValidationRule1"},{"name":"host","value":"minsksc-desktop"},{"name":"thread","value":"6524@minsksc-desktop.main(1)"},{"name":"framework","value":"testng"},{"name":"language","value":"java"},{"name":"story","value":"Commissionable == true & thn__Commission_to__c == Company & thn__Company__c == null"},{"name":"severity","value":"normal"}],"links":[]}