{"name":"Quote_Meetings_Room","status":"broken","statusDetails":{"known":false,"muted":false,"flaky":false,"message":"unexpected alert open: {Alert text : }\n  (Session info: chrome=91.0.4472.106): {Alert text : \nBuild info: version: '3.141.59', revision: 'e82be7d358', time: '2018-11-14T08:17:03'\nSystem info: host: 'minsksc-desktop', ip: '127.0.1.1', os.name: 'Linux', os.arch: 'amd64', os.version: '5.4.0-77-generic', java.version: '16.0.1'\nDriver info: org.openqa.selenium.chrome.ChromeDriver\nCapabilities {acceptInsecureCerts: false, browserName: chrome, browserVersion: 91.0.4472.106, chrome: {chromedriverVersion: 91.0.4472.19 (1bf021f248676..., userDataDir: /tmp/.com.google.Chrome.WPb67W}, goog:chromeOptions: {debuggerAddress: localhost:34029}, javascriptEnabled: true, networkConnectionEnabled: false, pageLoadStrategy: normal, platform: LINUX, platformName: LINUX, proxy: Proxy(), setWindowRect: true, strictFileInteractability: false, timeouts: {implicit: 0, pageLoad: 300000, script: 30000}, unhandledPromptBehavior: dismiss and notify, webauthn:extension:largeBlob: true, webauthn:virtualAuthenticators: true}\nSession ID: bbac64b89d042c24268cb58d6c5da2e9\n*** Element info: {Using=xpath, value=//table//a[@title='Test222']}","trace":"org.openqa.selenium.UnhandledAlertException: unexpected alert open: {Alert text : }\n  (Session info: chrome=91.0.4472.106): {Alert text : \nBuild info: version: '3.141.59', revision: 'e82be7d358', time: '2018-11-14T08:17:03'\nSystem info: host: 'minsksc-desktop', ip: '127.0.1.1', os.name: 'Linux', os.arch: 'amd64', os.version: '5.4.0-77-generic', java.version: '16.0.1'\nDriver info: org.openqa.selenium.chrome.ChromeDriver\nCapabilities {acceptInsecureCerts: false, browserName: chrome, browserVersion: 91.0.4472.106, chrome: {chromedriverVersion: 91.0.4472.19 (1bf021f248676..., userDataDir: /tmp/.com.google.Chrome.WPb67W}, goog:chromeOptions: {debuggerAddress: localhost:34029}, javascriptEnabled: true, networkConnectionEnabled: false, pageLoadStrategy: normal, platform: LINUX, platformName: LINUX, proxy: Proxy(), setWindowRect: true, strictFileInteractability: false, timeouts: {implicit: 0, pageLoad: 300000, script: 30000}, unhandledPromptBehavior: dismiss and notify, webauthn:extension:largeBlob: true, webauthn:virtualAuthenticators: true}\nSession ID: bbac64b89d042c24268cb58d6c5da2e9\n*** Element info: {Using=xpath, value=//table//a[@title='Test222']}\n\tat org.openqa.selenium.remote.http.W3CHttpResponseCodec.decode(W3CHttpResponseCodec.java:120)\n\tat org.openqa.selenium.remote.http.W3CHttpResponseCodec.decode(W3CHttpResponseCodec.java:49)\n\tat org.openqa.selenium.remote.HttpCommandExecutor.execute(HttpCommandExecutor.java:158)\n\tat org.openqa.selenium.remote.service.DriverCommandExecutor.execute(DriverCommandExecutor.java:83)\n\tat org.openqa.selenium.remote.RemoteWebDriver.execute(RemoteWebDriver.java:552)\n\tat org.openqa.selenium.remote.RemoteWebDriver.findElement(RemoteWebDriver.java:323)\n\tat org.openqa.selenium.remote.RemoteWebDriver.findElementByXPath(RemoteWebDriver.java:428)\n\tat org.openqa.selenium.By$ByXPath.findElement(By.java:353)\n\tat org.openqa.selenium.remote.RemoteWebDriver.findElement(RemoteWebDriver.java:315)\n\tat org.openqa.selenium.support.ui.ExpectedConditions$6.apply(ExpectedConditions.java:182)\n\tat org.openqa.selenium.support.ui.ExpectedConditions$6.apply(ExpectedConditions.java:179)\n\tat org.openqa.selenium.support.ui.FluentWait.until(FluentWait.java:249)\n\tat pageObject.MyceQuotes.openMyceQoteRecord(MyceQuotes.java:55)\n\tat tests.TestInWork.testCreateQuoteMeetingsRoom3(TestInWork.java:94)\n\tat java.base/jdk.internal.reflect.NativeMethodAccessorImpl.invoke0(Native Method)\n\tat java.base/jdk.internal.reflect.NativeMethodAccessorImpl.invoke(NativeMethodAccessorImpl.java:78)\n\tat java.base/jdk.internal.reflect.DelegatingMethodAccessorImpl.invoke(DelegatingMethodAccessorImpl.java:43)\n\tat java.base/java.lang.reflect.Method.invoke(Method.java:567)\n\tat org.testng.internal.MethodInvocationHelper.invokeMethod(MethodInvocationHelper.java:133)\n\tat org.testng.internal.TestInvoker.invokeMethod(TestInvoker.java:584)\n\tat org.testng.internal.TestInvoker.invokeTestMethod(TestInvoker.java:172)\n\tat org.testng.internal.MethodRunner.runInSequence(MethodRunner.java:46)\n\tat org.testng.internal.TestInvoker$MethodInvocationAgent.invoke(TestInvoker.java:804)\n\tat org.testng.internal.TestInvoker.invokeTestMethods(TestInvoker.java:145)\n\tat org.testng.internal.TestMethodWorker.invokeTestMethods(TestMethodWorker.java:146)\n\tat org.testng.internal.TestMethodWorker.run(TestMethodWorker.java:128)\n\tat java.base/java.util.ArrayList.forEach(ArrayList.java:1511)\n\tat org.testng.TestRunner.privateRun(TestRunner.java:770)\n\tat org.testng.TestRunner.run(TestRunner.java:591)\n\tat org.testng.SuiteRunner.runTest(SuiteRunner.java:402)\n\tat org.testng.SuiteRunner.runSequentially(SuiteRunner.java:396)\n\tat org.testng.SuiteRunner.privateRun(SuiteRunner.java:355)\n\tat org.testng.SuiteRunner.run(SuiteRunner.java:304)\n\tat org.testng.SuiteRunnerWorker.runSuite(SuiteRunnerWorker.java:53)\n\tat org.testng.SuiteRunnerWorker.run(SuiteRunnerWorker.java:96)\n\tat org.testng.TestNG.runSuitesSequentially(TestNG.java:1180)\n\tat org.testng.TestNG.runSuitesLocally(TestNG.java:1102)\n\tat org.testng.TestNG.runSuites(TestNG.java:1032)\n\tat org.testng.TestNG.run(TestNG.java:1000)\n\tat com.intellij.rt.testng.IDEARemoteTestNG.run(IDEARemoteTestNG.java:66)\n\tat com.intellij.rt.testng.RemoteTestNGStarter.main(RemoteTestNGStarter.java:110)\n"},"stage":"finished","description":"PackageDate","steps":[{"name":"Open Myce Quote Page...","status":"passed","stage":"finished","steps":[{"name":"Refresh Page","status":"passed","stage":"finished","steps":[],"attachments":[],"parameters":[],"start":1625496304629,"stop":1625496304647}],"attachments":[],"parameters":[],"start":1625496304547,"stop":1625496304647},{"name":"createNewMyceQuote","status":"passed","stage":"finished","steps":[],"attachments":[],"parameters":[{"name":"driver","value":"ChromeDriver: chrome on LINUX (bbac64b89d042c24268cb58d6c5da2e9)"}],"start":1625496304647,"stop":1625496307079},{"name":"Fill out the quota form without commission","status":"passed","stage":"finished","steps":[],"attachments":[],"parameters":[{"name":"nameQuote","value":"Test222"},{"name":"arrivalDate","value":"05/07/2021"},{"name":"departureDate","value":"09/07/2021"},{"name":"pax","value":"10"},{"name":"property","value":"Demo"}],"start":1625496307080,"stop":1625496309083},{"name":"Open Meeting Packages","status":"passed","stage":"finished","steps":[{"name":"Refresh Page","status":"passed","stage":"finished","steps":[],"attachments":[],"parameters":[],"start":1625496311084,"stop":1625496311100}],"attachments":[],"parameters":[{"name":"driver","value":"ChromeDriver: chrome on LINUX (bbac64b89d042c24268cb58d6c5da2e9)"}],"start":1625496309084,"stop":1625496313604},{"name":"Fill out the meeting room","status":"passed","stage":"finished","steps":[],"attachments":[],"parameters":[{"name":"pack","value":"Package 1"},{"name":"startDate","value":"05/07/2021"},{"name":"endDate","value":"09/07/2021"}],"start":1625496313604,"stop":1625496322322},{"name":"Open Myce Quote Page...","status":"passed","stage":"finished","steps":[{"name":"Refresh Page","status":"passed","stage":"finished","steps":[],"attachments":[],"parameters":[],"start":1625496322481,"stop":1625496322524}],"attachments":[],"parameters":[],"start":1625496322322,"stop":1625496322524},{"name":"openMyceQoteRecord","status":"broken","statusDetails":{"known":false,"muted":false,"flaky":false,"message":"unexpected alert open: {Alert text : }\n  (Session info: chrome=91.0.4472.106): {Alert text : \nBuild info: version: '3.141.59', revision: 'e82be7d358', time: '2018-11-14T08:17:03'\nSystem info: host: 'minsksc-desktop', ip: '127.0.1.1', os.name: 'Linux', os.arch: 'amd64', os.version: '5.4.0-77-generic', java.version: '16.0.1'\nDriver info: org.openqa.selenium.chrome.ChromeDriver\nCapabilities {acceptInsecureCerts: false, browserName: chrome, browserVersion: 91.0.4472.106, chrome: {chromedriverVersion: 91.0.4472.19 (1bf021f248676..., userDataDir: /tmp/.com.google.Chrome.WPb67W}, goog:chromeOptions: {debuggerAddress: localhost:34029}, javascriptEnabled: true, networkConnectionEnabled: false, pageLoadStrategy: normal, platform: LINUX, platformName: LINUX, proxy: Proxy(), setWindowRect: true, strictFileInteractability: false, timeouts: {implicit: 0, pageLoad: 300000, script: 30000}, unhandledPromptBehavior: dismiss and notify, webauthn:extension:largeBlob: true, webauthn:virtualAuthenticators: true}\nSession ID: bbac64b89d042c24268cb58d6c5da2e9\n*** Element info: {Using=xpath, value=//table//a[@title='Test222']}","trace":"org.openqa.selenium.UnhandledAlertException: unexpected alert open: {Alert text : }\n  (Session info: chrome=91.0.4472.106): {Alert text : \nBuild info: version: '3.141.59', revision: 'e82be7d358', time: '2018-11-14T08:17:03'\nSystem info: host: 'minsksc-desktop', ip: '127.0.1.1', os.name: 'Linux', os.arch: 'amd64', os.version: '5.4.0-77-generic', java.version: '16.0.1'\nDriver info: org.openqa.selenium.chrome.ChromeDriver\nCapabilities {acceptInsecureCerts: false, browserName: chrome, browserVersion: 91.0.4472.106, chrome: {chromedriverVersion: 91.0.4472.19 (1bf021f248676..., userDataDir: /tmp/.com.google.Chrome.WPb67W}, goog:chromeOptions: {debuggerAddress: localhost:34029}, javascriptEnabled: true, networkConnectionEnabled: false, pageLoadStrategy: normal, platform: LINUX, platformName: LINUX, proxy: Proxy(), setWindowRect: true, strictFileInteractability: false, timeouts: {implicit: 0, pageLoad: 300000, script: 30000}, unhandledPromptBehavior: dismiss and notify, webauthn:extension:largeBlob: true, webauthn:virtualAuthenticators: true}\nSession ID: bbac64b89d042c24268cb58d6c5da2e9\n*** Element info: {Using=xpath, value=//table//a[@title='Test222']}\n\tat org.openqa.selenium.remote.http.W3CHttpResponseCodec.decode(W3CHttpResponseCodec.java:120)\n\tat org.openqa.selenium.remote.http.W3CHttpResponseCodec.decode(W3CHttpResponseCodec.java:49)\n\tat org.openqa.selenium.remote.HttpCommandExecutor.execute(HttpCommandExecutor.java:158)\n\tat org.openqa.selenium.remote.service.DriverCommandExecutor.execute(DriverCommandExecutor.java:83)\n\tat org.openqa.selenium.remote.RemoteWebDriver.execute(RemoteWebDriver.java:552)\n\tat org.openqa.selenium.remote.RemoteWebDriver.findElement(RemoteWebDriver.java:323)\n\tat org.openqa.selenium.remote.RemoteWebDriver.findElementByXPath(RemoteWebDriver.java:428)\n\tat org.openqa.selenium.By$ByXPath.findElement(By.java:353)\n\tat org.openqa.selenium.remote.RemoteWebDriver.findElement(RemoteWebDriver.java:315)\n\tat org.openqa.selenium.support.ui.ExpectedConditions$6.apply(ExpectedConditions.java:182)\n\tat org.openqa.selenium.support.ui.ExpectedConditions$6.apply(ExpectedConditions.java:179)\n\tat org.openqa.selenium.support.ui.FluentWait.until(FluentWait.java:249)\n\tat pageObject.MyceQuotes.openMyceQoteRecord(MyceQuotes.java:55)\n\tat tests.TestInWork.testCreateQuoteMeetingsRoom3(TestInWork.java:94)\n\tat java.base/jdk.internal.reflect.NativeMethodAccessorImpl.invoke0(Native Method)\n\tat java.base/jdk.internal.reflect.NativeMethodAccessorImpl.invoke(NativeMethodAccessorImpl.java:78)\n\tat java.base/jdk.internal.reflect.DelegatingMethodAccessorImpl.invoke(DelegatingMethodAccessorImpl.java:43)\n\tat java.base/java.lang.reflect.Method.invoke(Method.java:567)\n\tat org.testng.internal.MethodInvocationHelper.invokeMethod(MethodInvocationHelper.java:133)\n\tat org.testng.internal.TestInvoker.invokeMethod(TestInvoker.java:584)\n\tat org.testng.internal.TestInvoker.invokeTestMethod(TestInvoker.java:172)\n\tat org.testng.internal.MethodRunner.runInSequence(MethodRunner.java:46)\n\tat org.testng.internal.TestInvoker$MethodInvocationAgent.invoke(TestInvoker.java:804)\n\tat org.testng.internal.TestInvoker.invokeTestMethods(TestInvoker.java:145)\n\tat org.testng.internal.TestMethodWorker.invokeTestMethods(TestMethodWorker.java:146)\n\tat org.testng.internal.TestMethodWorker.run(TestMethodWorker.java:128)\n\tat java.base/java.util.ArrayList.forEach(ArrayList.java:1511)\n\tat org.testng.TestRunner.privateRun(TestRunner.java:770)\n\tat org.testng.TestRunner.run(TestRunner.java:591)\n\tat org.testng.SuiteRunner.runTest(SuiteRunner.java:402)\n\tat org.testng.SuiteRunner.runSequentially(SuiteRunner.java:396)\n\tat org.testng.SuiteRunner.privateRun(SuiteRunner.java:355)\n\tat org.testng.SuiteRunner.run(SuiteRunner.java:304)\n\tat org.testng.SuiteRunnerWorker.runSuite(SuiteRunnerWorker.java:53)\n\tat org.testng.SuiteRunnerWorker.run(SuiteRunnerWorker.java:96)\n\tat org.testng.TestNG.runSuitesSequentially(TestNG.java:1180)\n\tat org.testng.TestNG.runSuitesLocally(TestNG.java:1102)\n\tat org.testng.TestNG.runSuites(TestNG.java:1032)\n\tat org.testng.TestNG.run(TestNG.java:1000)\n\tat com.intellij.rt.testng.IDEARemoteTestNG.run(IDEARemoteTestNG.java:66)\n\tat com.intellij.rt.testng.RemoteTestNGStarter.main(RemoteTestNGStarter.java:110)\n"},"stage":"finished","steps":[],"attachments":[],"parameters":[{"name":"name","value":"Test222"}],"start":1625496322535,"stop":1625496322558}],"attachments":[],"parameters":[],"start":1625496304547,"stop":1625496322596,"uuid":"8527a564-4007-4c35-ad9d-23846a1baac9","historyId":"2e6d928ae43517d2c1d490db73a5cd8d","fullName":"tests.TestInWork.testCreateQuoteMeetingsRoom3","labels":[{"name":"package","value":"tests.TestInWork"},{"name":"testClass","value":"tests.TestInWork"},{"name":"testMethod","value":"testCreateQuoteMeetingsRoom3"},{"name":"parentSuite","value":"Default Suite"},{"name":"suite","value":"SCNew"},{"name":"subSuite","value":"tests.TestInWork"},{"name":"host","value":"minsksc-desktop"},{"name":"thread","value":"21626@minsksc-desktop.main(1)"},{"name":"framework","value":"testng"},{"name":"language","value":"java"},{"name":"story","value":""},{"name":"severity","value":"normal"}],"links":[]}