{"name":"Change stage to the one referenced in Default Agile Values mdt ('2 - Propose' by default). Expected result: Company contactâ€™s guest is created and sent to Mews, Reservation guest is created and added on quote","status":"broken","statusDetails":{"known":false,"muted":false,"flaky":false,"message":"Cannot run program \"/home/user/sfdx/bin/sfdx\": error=2, No such file or directory","trace":"java.io.IOException: Cannot run program \"/home/user/sfdx/bin/sfdx\": error=2, No such file or directory\n\tat java.base/java.lang.ProcessBuilder.start(ProcessBuilder.java:1128)\n\tat java.base/java.lang.ProcessBuilder.start(ProcessBuilder.java:1071)\n\tat java.base/java.lang.Runtime.exec(Runtime.java:591)\n\tat java.base/java.lang.Runtime.exec(Runtime.java:450)\n\tat pageObject.SfdxCommand.runLinuxCommand1(SfdxCommand.java:26)\n\tat tests.GuestManagementTesting.case1(GuestManagementTesting.java:170)\n\tat java.base/jdk.internal.reflect.NativeMethodAccessorImpl.invoke0(Native Method)\n\tat java.base/jdk.internal.reflect.NativeMethodAccessorImpl.invoke(NativeMethodAccessorImpl.java:62)\n\tat java.base/jdk.internal.reflect.DelegatingMethodAccessorImpl.invoke(DelegatingMethodAccessorImpl.java:43)\n\tat java.base/java.lang.reflect.Method.invoke(Method.java:566)\n\tat org.testng.internal.MethodInvocationHelper.invokeMethod(MethodInvocationHelper.java:133)\n\tat org.testng.internal.TestInvoker.invokeMethod(TestInvoker.java:584)\n\tat org.testng.internal.TestInvoker.invokeTestMethod(TestInvoker.java:172)\n\tat org.testng.internal.MethodRunner.runInSequence(MethodRunner.java:46)\n\tat org.testng.internal.TestInvoker$MethodInvocationAgent.invoke(TestInvoker.java:804)\n\tat org.testng.internal.TestInvoker.invokeTestMethods(TestInvoker.java:145)\n\tat org.testng.internal.TestMethodWorker.invokeTestMethods(TestMethodWorker.java:146)\n\tat org.testng.internal.TestMethodWorker.run(TestMethodWorker.java:128)\n\tat java.base/java.util.ArrayList.forEach(ArrayList.java:1540)\n\tat org.testng.TestRunner.privateRun(TestRunner.java:770)\n\tat org.testng.TestRunner.run(TestRunner.java:591)\n\tat org.testng.SuiteRunner.runTest(SuiteRunner.java:402)\n\tat org.testng.SuiteRunner.runSequentially(SuiteRunner.java:396)\n\tat org.testng.SuiteRunner.privateRun(SuiteRunner.java:355)\n\tat org.testng.SuiteRunner.run(SuiteRunner.java:304)\n\tat org.testng.SuiteRunnerWorker.runSuite(SuiteRunnerWorker.java:53)\n\tat org.testng.SuiteRunnerWorker.run(SuiteRunnerWorker.java:96)\n\tat org.testng.TestNG.runSuitesSequentially(TestNG.java:1180)\n\tat org.testng.TestNG.runSuitesLocally(TestNG.java:1102)\n\tat org.testng.TestNG.runSuites(TestNG.java:1032)\n\tat org.testng.TestNG.run(TestNG.java:1000)\n\tat com.intellij.rt.testng.IDEARemoteTestNG.run(IDEARemoteTestNG.java:66)\n\tat com.intellij.rt.testng.RemoteTestNGStarter.main(RemoteTestNGStarter.java:110)\nCaused by: java.io.IOException: error=2, No such file or directory\n\tat java.base/java.lang.ProcessImpl.forkAndExec(Native Method)\n\tat java.base/java.lang.ProcessImpl.<init>(ProcessImpl.java:340)\n\tat java.base/java.lang.ProcessImpl.start(ProcessImpl.java:271)\n\tat java.base/java.lang.ProcessBuilder.start(ProcessBuilder.java:1107)\n\t... 32 more\n"},"stage":"finished","steps":[{"name":"Run SFDX command","status":"broken","statusDetails":{"known":false,"muted":false,"flaky":false,"message":"Cannot run program \"/home/user/sfdx/bin/sfdx\": error=2, No such file or directory","trace":"java.io.IOException: Cannot run program \"/home/user/sfdx/bin/sfdx\": error=2, No such file or directory\n\tat java.base/java.lang.ProcessBuilder.start(ProcessBuilder.java:1128)\n\tat java.base/java.lang.ProcessBuilder.start(ProcessBuilder.java:1071)\n\tat java.base/java.lang.Runtime.exec(Runtime.java:591)\n\tat java.base/java.lang.Runtime.exec(Runtime.java:450)\n\tat pageObject.SfdxCommand.runLinuxCommand1(SfdxCommand.java:26)\n\tat tests.GuestManagementTesting.case1(GuestManagementTesting.java:170)\n\tat java.base/jdk.internal.reflect.NativeMethodAccessorImpl.invoke0(Native Method)\n\tat java.base/jdk.internal.reflect.NativeMethodAccessorImpl.invoke(NativeMethodAccessorImpl.java:62)\n\tat java.base/jdk.internal.reflect.DelegatingMethodAccessorImpl.invoke(DelegatingMethodAccessorImpl.java:43)\n\tat java.base/java.lang.reflect.Method.invoke(Method.java:566)\n\tat org.testng.internal.MethodInvocationHelper.invokeMethod(MethodInvocationHelper.java:133)\n\tat org.testng.internal.TestInvoker.invokeMethod(TestInvoker.java:584)\n\tat org.testng.internal.TestInvoker.invokeTestMethod(TestInvoker.java:172)\n\tat org.testng.internal.MethodRunner.runInSequence(MethodRunner.java:46)\n\tat org.testng.internal.TestInvoker$MethodInvocationAgent.invoke(TestInvoker.java:804)\n\tat org.testng.internal.TestInvoker.invokeTestMethods(TestInvoker.java:145)\n\tat org.testng.internal.TestMethodWorker.invokeTestMethods(TestMethodWorker.java:146)\n\tat org.testng.internal.TestMethodWorker.run(TestMethodWorker.java:128)\n\tat java.base/java.util.ArrayList.forEach(ArrayList.java:1540)\n\tat org.testng.TestRunner.privateRun(TestRunner.java:770)\n\tat org.testng.TestRunner.run(TestRunner.java:591)\n\tat org.testng.SuiteRunner.runTest(SuiteRunner.java:402)\n\tat org.testng.SuiteRunner.runSequentially(SuiteRunner.java:396)\n\tat org.testng.SuiteRunner.privateRun(SuiteRunner.java:355)\n\tat org.testng.SuiteRunner.run(SuiteRunner.java:304)\n\tat org.testng.SuiteRunnerWorker.runSuite(SuiteRunnerWorker.java:53)\n\tat org.testng.SuiteRunnerWorker.run(SuiteRunnerWorker.java:96)\n\tat org.testng.TestNG.runSuitesSequentially(TestNG.java:1180)\n\tat org.testng.TestNG.runSuitesLocally(TestNG.java:1102)\n\tat org.testng.TestNG.runSuites(TestNG.java:1032)\n\tat org.testng.TestNG.run(TestNG.java:1000)\n\tat com.intellij.rt.testng.IDEARemoteTestNG.run(IDEARemoteTestNG.java:66)\n\tat com.intellij.rt.testng.RemoteTestNGStarter.main(RemoteTestNGStarter.java:110)\nCaused by: java.io.IOException: error=2, No such file or directory\n\tat java.base/java.lang.ProcessImpl.forkAndExec(Native Method)\n\tat java.base/java.lang.ProcessImpl.<init>(ProcessImpl.java:340)\n\tat java.base/java.lang.ProcessImpl.start(ProcessImpl.java:271)\n\tat java.base/java.lang.ProcessBuilder.start(ProcessBuilder.java:1107)\n\t... 32 more\n"},"stage":"finished","steps":[],"attachments":[],"parameters":[{"name":"cmd","value":"[/home/user/sfdx/bin/sfdx, force:data:record:update, -s, thn__MYCE_Quote__c, -w, Name='GuestManagementTesting', -v, thn__Stage__c='2 - Propose', -u, test-sy9dufviyszi@example.com, --json]"}],"start":1634740639133,"stop":1634740639140}],"attachments":[],"parameters":[],"start":1634740639133,"stop":1634740639140,"uuid":"c7fcad08-a4b3-42c8-b74d-a515989fa7ba","historyId":"67a2a3f80c1830c302a4bd18dbc066f1","fullName":"tests.GuestManagementTesting.case1","labels":[{"name":"package","value":"tests.GuestManagementTesting"},{"name":"testClass","value":"tests.GuestManagementTesting"},{"name":"testMethod","value":"case1"},{"name":"parentSuite","value":"Default Suite"},{"name":"suite","value":"salesforceauthotest"},{"name":"subSuite","value":"tests.GuestManagementTesting"},{"name":"host","value":"minsksc-desktop"},{"name":"thread","value":"11487@minsksc-desktop.main(1)"},{"name":"framework","value":"testng"},{"name":"language","value":"java"},{"name":"story","value":"Guest Management testing"},{"name":"severity","value":"normal"}],"links":[]}